<?xml version="1.0" encoding="UTF-8"?>
<testsuite name="pl.edu.pjwstk.jaz.AverageIT" tests="5" skipped="0" failures="0" errors="0" timestamp="2020-11-03T12:20:16" hostname="DESKTOP-SQE4SJQ" time="1.708">
  <properties/>
  <testcase name="should_calculate_avarage" classname="pl.edu.pjwstk.jaz.AverageIT" time="1.541"/>
  <testcase name="should_not_remove" classname="pl.edu.pjwstk.jaz.AverageIT" time="0.046"/>
  <testcase name="should_not_remove2" classname="pl.edu.pjwstk.jaz.AverageIT" time="0.028"/>
  <testcase name="when_no_params_supplied_should_print_a_message" classname="pl.edu.pjwstk.jaz.AverageIT" time="0.03"/>
  <testcase name="should_remove_trailing_zero" classname="pl.edu.pjwstk.jaz.AverageIT" time="0.061"/>
  <system-out><![CDATA[13:19:50.200 [Test worker] DEBUG org.springframework.test.context.junit4.SpringJUnit4ClassRunner - SpringJUnit4ClassRunner constructor called with [class pl.edu.pjwstk.jaz.AverageIT]
13:19:50.211 [Test worker] DEBUG org.springframework.test.context.BootstrapUtils - Instantiating CacheAwareContextLoaderDelegate from class [org.springframework.test.context.cache.DefaultCacheAwareContextLoaderDelegate]
13:19:50.225 [Test worker] DEBUG org.springframework.test.context.BootstrapUtils - Instantiating BootstrapContext using constructor [public org.springframework.test.context.support.DefaultBootstrapContext(java.lang.Class,org.springframework.test.context.CacheAwareContextLoaderDelegate)]
13:19:50.277 [Test worker] DEBUG org.springframework.test.context.BootstrapUtils - Instantiating TestContextBootstrapper for test class [pl.edu.pjwstk.jaz.AverageIT] from class [org.springframework.boot.test.context.SpringBootTestContextBootstrapper]
13:19:50.302 [Test worker] INFO org.springframework.boot.test.context.SpringBootTestContextBootstrapper - Neither @ContextConfiguration nor @ContextHierarchy found for test class [pl.edu.pjwstk.jaz.AverageIT], using SpringBootContextLoader
13:19:50.306 [Test worker] DEBUG org.springframework.test.context.support.AbstractContextLoader - Did not detect default resource location for test class [pl.edu.pjwstk.jaz.AverageIT]: class path resource [pl/edu/pjwstk/jaz/AverageIT-context.xml] does not exist
13:19:50.307 [Test worker] DEBUG org.springframework.test.context.support.AbstractContextLoader - Did not detect default resource location for test class [pl.edu.pjwstk.jaz.AverageIT]: class path resource [pl/edu/pjwstk/jaz/AverageITContext.groovy] does not exist
13:19:50.307 [Test worker] INFO org.springframework.test.context.support.AbstractContextLoader - Could not detect default resource locations for test class [pl.edu.pjwstk.jaz.AverageIT]: no resource found for suffixes {-context.xml, Context.groovy}.
13:19:50.308 [Test worker] INFO org.springframework.test.context.support.AnnotationConfigContextLoaderUtils - Could not detect default configuration classes for test class [pl.edu.pjwstk.jaz.AverageIT]: AverageIT does not declare any static, non-private, non-final, nested classes annotated with @Configuration.
13:19:50.462 [Test worker] DEBUG org.springframework.context.annotation.ClassPathScanningCandidateComponentProvider - Identified candidate component class: file [C:\Users\kamin\Desktop\jaz-java-showcase\app\build\classes\java\main\pl\edu\pjwstk\jaz\App.class]
13:19:50.478 [Test worker] INFO org.springframework.boot.test.context.SpringBootTestContextBootstrapper - Found @SpringBootConfiguration pl.edu.pjwstk.jaz.App for test class pl.edu.pjwstk.jaz.AverageIT
13:19:50.607 [Test worker] DEBUG org.springframework.boot.test.context.SpringBootTestContextBootstrapper - Merging default listeners with listeners configured via @TestExecutionListeners for class [pl.edu.pjwstk.jaz.AverageIT].
13:19:50.608 [Test worker] INFO org.springframework.boot.test.context.SpringBootTestContextBootstrapper - Loaded default TestExecutionListener class names from location [META-INF/spring.factories]: [org.springframework.boot.test.autoconfigure.restdocs.RestDocsTestExecutionListener, org.springframework.boot.test.autoconfigure.web.client.MockRestServiceServerResetTestExecutionListener, org.springframework.boot.test.autoconfigure.web.servlet.MockMvcPrintOnlyOnFailureTestExecutionListener, org.springframework.boot.test.autoconfigure.web.servlet.WebDriverTestExecutionListener, org.springframework.boot.test.autoconfigure.webservices.client.MockWebServiceServerTestExecutionListener, org.springframework.boot.test.mock.mockito.MockitoTestExecutionListener, org.springframework.boot.test.mock.mockito.ResetMocksTestExecutionListener, org.springframework.test.context.web.ServletTestExecutionListener, org.springframework.test.context.support.DirtiesContextBeforeModesTestExecutionListener, org.springframework.test.context.support.DependencyInjectionTestExecutionListener, org.springframework.test.context.support.DirtiesContextTestExecutionListener, org.springframework.test.context.transaction.TransactionalTestExecutionListener, org.springframework.test.context.jdbc.SqlScriptsTestExecutionListener, org.springframework.test.context.event.EventPublishingTestExecutionListener]
13:19:50.633 [Test worker] INFO org.springframework.boot.test.context.SpringBootTestContextBootstrapper - Using TestExecutionListeners: [org.springframework.test.context.web.ServletTestExecutionListener@2b2b543e, org.springframework.test.context.support.DirtiesContextBeforeModesTestExecutionListener@6cc04f86, org.springframework.boot.test.mock.mockito.MockitoTestExecutionListener@692e5131, org.springframework.boot.test.autoconfigure.SpringBootDependencyInjectionTestExecutionListener@4cc06272, org.springframework.test.context.support.DirtiesContextTestExecutionListener@3dbb4570, org.springframework.test.context.transaction.TransactionalTestExecutionListener@5369913e, org.springframework.test.context.jdbc.SqlScriptsTestExecutionListener@48d5f5bb, org.springframework.test.context.event.EventPublishingTestExecutionListener@749cd21, org.springframework.boot.test.autoconfigure.restdocs.RestDocsTestExecutionListener@60be887d, org.springframework.boot.test.autoconfigure.web.client.MockRestServiceServerResetTestExecutionListener@7fc11535, org.springframework.boot.test.autoconfigure.web.servlet.MockMvcPrintOnlyOnFailureTestExecutionListener@18de4f5b, org.springframework.boot.test.autoconfigure.web.servlet.WebDriverTestExecutionListener@5137a9a4, org.springframework.boot.test.autoconfigure.webservices.client.MockWebServiceServerTestExecutionListener@45de2e9f, org.springframework.boot.test.mock.mockito.ResetMocksTestExecutionListener@32c1e3ac, pl.edu.pjwstk.jaz.TestContextHolder@588fc638]
13:19:50.637 [Test worker] DEBUG org.springframework.test.annotation.ProfileValueUtils - Retrieved @ProfileValueSourceConfiguration [null] for test class [pl.edu.pjwstk.jaz.AverageIT]
13:19:50.638 [Test worker] DEBUG org.springframework.test.annotation.ProfileValueUtils - Retrieved ProfileValueSource type [class org.springframework.test.annotation.SystemProfileValueSource] for class [pl.edu.pjwstk.jaz.AverageIT]
13:19:50.640 [Test worker] DEBUG org.springframework.test.annotation.ProfileValueUtils - Retrieved @ProfileValueSourceConfiguration [null] for test class [pl.edu.pjwstk.jaz.AverageIT]
13:19:50.641 [Test worker] DEBUG org.springframework.test.annotation.ProfileValueUtils - Retrieved ProfileValueSource type [class org.springframework.test.annotation.SystemProfileValueSource] for class [pl.edu.pjwstk.jaz.AverageIT]
13:19:50.641 [Test worker] DEBUG org.springframework.test.annotation.ProfileValueUtils - Retrieved @ProfileValueSourceConfiguration [null] for test class [pl.edu.pjwstk.jaz.AverageIT]
13:19:50.641 [Test worker] DEBUG org.springframework.test.annotation.ProfileValueUtils - Retrieved ProfileValueSource type [class org.springframework.test.annotation.SystemProfileValueSource] for class [pl.edu.pjwstk.jaz.AverageIT]
13:19:50.645 [Test worker] DEBUG org.springframework.test.context.support.AbstractDirtiesContextTestExecutionListener - Before test class: context [DefaultTestContext@638c708f testClass = AverageIT, testInstance = [null], testMethod = [null], testException = [null], mergedContextConfiguration = [WebMergedContextConfiguration@60b49d53 testClass = AverageIT, locations = '{}', classes = '{class pl.edu.pjwstk.jaz.App}', contextInitializerClasses = '[]', activeProfiles = '{test, noSecurity}', propertySourceLocations = '{}', propertySourceProperties = '{org.springframework.boot.test.context.SpringBootTestContextBootstrapper=true, server.port=0}', contextCustomizers = set[org.springframework.boot.test.autoconfigure.properties.PropertyMappingContextCustomizer@0, org.springframework.boot.test.autoconfigure.web.servlet.WebDriverContextCustomizerFactory$Customizer@59312a0, org.springframework.boot.test.context.filter.ExcludeFilterContextCustomizer@4314fe7a, org.springframework.boot.test.json.DuplicateJsonObjectContextCustomizerFactory$DuplicateJsonObjectContextCustomizer@157797eb, org.springframework.boot.test.mock.mockito.MockitoContextCustomizer@0, org.springframework.boot.test.web.client.TestRestTemplateContextCustomizer@5af01b8e, org.springframework.boot.test.context.SpringBootTestArgs@1], resourceBasePath = 'src/main/webapp', contextLoader = 'org.springframework.boot.test.context.SpringBootContextLoader', parent = [null]], attributes = map['org.springframework.test.context.web.ServletTestExecutionListener.activateListener' -> false]], class annotated with @DirtiesContext [false] with mode [null].
13:19:50.671 [Test worker] DEBUG org.springframework.core.env.StandardEnvironment - Activating profiles [test, noSecurity]
13:19:50.677 [Test worker] DEBUG org.springframework.test.context.support.TestPropertySourceUtils - Adding inlined properties to environment: {spring.jmx.enabled=false, org.springframework.boot.test.context.SpringBootTestContextBootstrapper=true, server.port=0}

  .   ____          _            __ _ _
 /\\ / ___'_ __ _ _(_)_ __  __ _ \ \ \ \
( ( )\___ | '_ | '_| | '_ \/ _` | \ \ \ \
 \\/  ___)| |_)| | | | | || (_| |  ) ) ) )
  '  |____| .__|_| |_|_| |_\__, | / / / /
 =========|_|==============|___/=/_/_/_/
 :: Spring Boot ::        (v2.3.3.RELEASE)

2020-11-03 13:19:51.159  INFO 49772 --- [    Test worker] pl.edu.pjwstk.jaz.AverageIT              : Starting AverageIT on DESKTOP-SQE4SJQ with PID 49772 (started by kamin in C:\Users\kamin\Desktop\jaz-java-showcase\app)
2020-11-03 13:19:51.160  INFO 49772 --- [    Test worker] pl.edu.pjwstk.jaz.AverageIT              : The following profiles are active: test,noSecurity
2020-11-03 13:19:52.144  INFO 49772 --- [    Test worker] .s.d.r.c.RepositoryConfigurationDelegate : Bootstrapping Spring Data JPA repositories in DEFERRED mode.
2020-11-03 13:19:52.173  INFO 49772 --- [    Test worker] .s.d.r.c.RepositoryConfigurationDelegate : Finished Spring Data repository scanning in 17ms. Found 0 JPA repository interfaces.
2020-11-03 13:19:52.937  INFO 49772 --- [    Test worker] o.s.b.w.embedded.tomcat.TomcatWebServer  : Tomcat initialized with port(s): 0 (http)
2020-11-03 13:19:52.951  INFO 49772 --- [    Test worker] o.apache.catalina.core.StandardService   : Starting service [Tomcat]
2020-11-03 13:19:52.951  INFO 49772 --- [    Test worker] org.apache.catalina.core.StandardEngine  : Starting Servlet engine: [Apache Tomcat/9.0.37]
2020-11-03 13:19:53.124  INFO 49772 --- [    Test worker] o.a.c.c.C.[Tomcat].[localhost].[/api]    : Initializing Spring embedded WebApplicationContext
2020-11-03 13:19:53.124  INFO 49772 --- [    Test worker] w.s.c.ServletWebServerApplicationContext : Root WebApplicationContext: initialization completed in 1682 ms
2020-11-03 13:19:53.333  INFO 49772 --- [    Test worker] com.zaxxer.hikari.HikariDataSource       : HikariPool-1 - Starting...
2020-11-03 13:20:09.364  INFO 49772 --- [    Test worker] .t.d.DockerMachineClientProviderStrategy : Found docker-machine, and will use machine named default
2020-11-03 13:20:09.855  INFO 49772 --- [    Test worker] .t.d.DockerMachineClientProviderStrategy : Docker daemon IP address for docker machine default is 192.168.99.101
2020-11-03 13:20:10.230  INFO 49772 --- [    Test worker] o.t.d.DockerClientProviderStrategy       : Found Docker environment with docker-machine
2020-11-03 13:20:10.376  INFO 49772 --- [    Test worker] org.testcontainers.DockerClientFactory   : Docker host IP address is 192.168.99.101
2020-11-03 13:20:10.398  INFO 49772 --- [    Test worker] org.testcontainers.DockerClientFactory   : Connected to docker: 
  Server Version: 19.03.12
  API Version: 1.40
  Operating System: Boot2Docker 19.03.12 (TCL 10.1)
  Total Memory: 985 MB
2020-11-03 13:20:10.424  WARN 49772 --- [    Test worker] o.t.utility.RegistryAuthLocator          : Failure when attempting to lookup auth config (dockerImageName: testcontainersofficial/ryuk:0.3.0, configFile: C:\Users\kamin\.docker\config.json. Falling back to docker-java default behaviour. Exception message: C:\Users\kamin\.docker\config.json (Nie można odnaleźć określonego pliku)
2020-11-03 13:20:10.829  INFO 49772 --- [    Test worker] org.testcontainers.DockerClientFactory   : Ryuk started - will monitor and terminate Testcontainers containers on JVM exit
2020-11-03 13:20:10.829  INFO 49772 --- [    Test worker] org.testcontainers.DockerClientFactory   : Checking the system...
2020-11-03 13:20:10.830  INFO 49772 --- [    Test worker] org.testcontainers.DockerClientFactory   : ?? Docker server version should be at least 1.6.0
2020-11-03 13:20:10.903  INFO 49772 --- [    Test worker] org.testcontainers.DockerClientFactory   : ?? Docker environment should have more than 2GB free disk space
2020-11-03 13:20:10.964  INFO 49772 --- [    Test worker] docker[postgres:13]                      : Creating container for image: postgres:13
2020-11-03 13:20:10.993  INFO 49772 --- [    Test worker] docker[postgres:13]                      : Starting container with ID: 3c136ce6af3a66be5b2372950ed701383b238dab6adde842e8502375af488047
2020-11-03 13:20:11.171  INFO 49772 --- [    Test worker] docker[postgres:13]                      : Container postgres:13 is starting: 3c136ce6af3a66be5b2372950ed701383b238dab6adde842e8502375af488047
2020-11-03 13:20:12.723  INFO 49772 --- [    Test worker] docker[postgres:13]                      : Container postgres:13 started in PT19.303508S
2020-11-03 13:20:12.860  INFO 49772 --- [    Test worker] com.zaxxer.hikari.HikariDataSource       : HikariPool-1 - Start completed.
2020-11-03 13:20:13.865  INFO 49772 --- [    Test worker] liquibase.executor.jvm.JdbcExecutor      : SELECT COUNT(*) FROM public.databasechangeloglock
2020-11-03 13:20:13.880  INFO 49772 --- [    Test worker] liquibase.executor.jvm.JdbcExecutor      : CREATE TABLE public.databasechangeloglock (ID INTEGER NOT NULL, LOCKED BOOLEAN NOT NULL, LOCKGRANTED TIMESTAMP WITHOUT TIME ZONE, LOCKEDBY VARCHAR(255), CONSTRAINT DATABASECHANGELOGLOCK_PKEY PRIMARY KEY (ID))
2020-11-03 13:20:13.885  INFO 49772 --- [    Test worker] liquibase.executor.jvm.JdbcExecutor      : SELECT COUNT(*) FROM public.databasechangeloglock
2020-11-03 13:20:13.888  INFO 49772 --- [    Test worker] liquibase.executor.jvm.JdbcExecutor      : DELETE FROM public.databasechangeloglock
2020-11-03 13:20:13.889  INFO 49772 --- [    Test worker] liquibase.executor.jvm.JdbcExecutor      : INSERT INTO public.databasechangeloglock (ID, LOCKED) VALUES (1, FALSE)
2020-11-03 13:20:13.891  INFO 49772 --- [    Test worker] liquibase.executor.jvm.JdbcExecutor      : SELECT LOCKED FROM public.databasechangeloglock WHERE ID=1
2020-11-03 13:20:13.898  INFO 49772 --- [    Test worker] l.lockservice.StandardLockService        : Successfully acquired change log lock
2020-11-03 13:20:14.951  INFO 49772 --- [    Test worker] l.c.StandardChangeLogHistoryService      : Creating database history table with name: public.databasechangelog
2020-11-03 13:20:14.953  INFO 49772 --- [    Test worker] liquibase.executor.jvm.JdbcExecutor      : CREATE TABLE public.databasechangelog (ID VARCHAR(255) NOT NULL, AUTHOR VARCHAR(255) NOT NULL, FILENAME VARCHAR(255) NOT NULL, DATEEXECUTED TIMESTAMP WITHOUT TIME ZONE NOT NULL, ORDEREXECUTED INTEGER NOT NULL, EXECTYPE VARCHAR(10) NOT NULL, MD5SUM VARCHAR(35), DESCRIPTION VARCHAR(255), COMMENTS VARCHAR(255), TAG VARCHAR(255), LIQUIBASE VARCHAR(20), CONTEXTS VARCHAR(255), LABELS VARCHAR(255), DEPLOYMENT_ID VARCHAR(10))
2020-11-03 13:20:14.957  INFO 49772 --- [    Test worker] liquibase.executor.jvm.JdbcExecutor      : SELECT COUNT(*) FROM public.databasechangelog
2020-11-03 13:20:14.958  INFO 49772 --- [    Test worker] l.c.StandardChangeLogHistoryService      : Reading from public.databasechangelog
2020-11-03 13:20:14.959  INFO 49772 --- [    Test worker] liquibase.executor.jvm.JdbcExecutor      : SELECT * FROM public.databasechangelog ORDER BY DATEEXECUTED ASC, ORDEREXECUTED ASC
2020-11-03 13:20:14.961  INFO 49772 --- [    Test worker] liquibase.executor.jvm.JdbcExecutor      : SELECT COUNT(*) FROM public.databasechangeloglock
2020-11-03 13:20:14.975  INFO 49772 --- [    Test worker] liquibase.executor.jvm.JdbcExecutor      : CREATE SEQUENCE hibernate_sequence;

CREATE TABLE test1(
    id BIGSERIAL NOT NULL PRIMARY KEY,
    name VARCHAR NOT NULL
)
2020-11-03 13:20:14.982  INFO 49772 --- [    Test worker] liquibase.changelog.ChangeSet            : SQL in file db.changelog/20201012_init.sql executed
2020-11-03 13:20:14.983  INFO 49772 --- [    Test worker] liquibase.changelog.ChangeSet            : ChangeSet classpath:db.changelog.yaml::20201012_init.sql::Paulina Kamińska ran successfully in 11ms
2020-11-03 13:20:14.984  INFO 49772 --- [    Test worker] liquibase.executor.jvm.JdbcExecutor      : SELECT MAX(ORDEREXECUTED) FROM public.databasechangelog
2020-11-03 13:20:14.991  INFO 49772 --- [    Test worker] liquibase.executor.jvm.JdbcExecutor      : INSERT INTO public.databasechangelog (ID, AUTHOR, FILENAME, DATEEXECUTED, ORDEREXECUTED, MD5SUM, DESCRIPTION, COMMENTS, EXECTYPE, CONTEXTS, LABELS, LIQUIBASE, DEPLOYMENT_ID) VALUES ('20201012_init.sql', 'Paulina Kamińska', 'classpath:db.changelog.yaml', NOW(), 1, '8:09077427dee0f842cd46cb1dd99c27fa', 'sqlFile', '', 'EXECUTED', NULL, NULL, '3.8.9', '4406014962')
2020-11-03 13:20:14.995  INFO 49772 --- [    Test worker] l.lockservice.StandardLockService        : Successfully released change log lock
2020-11-03 13:20:15.150  INFO 49772 --- [    Test worker] o.s.s.concurrent.ThreadPoolTaskExecutor  : Initializing ExecutorService 'applicationTaskExecutor'
2020-11-03 13:20:15.242  INFO 49772 --- [         task-1] o.hibernate.jpa.internal.util.LogHelper  : HHH000204: Processing PersistenceUnitInfo [name: default]
2020-11-03 13:20:15.313  WARN 49772 --- [    Test worker] JpaBaseConfiguration$JpaWebConfiguration : spring.jpa.open-in-view is enabled by default. Therefore, database queries may be performed during view rendering. Explicitly configure spring.jpa.open-in-view to disable this warning
2020-11-03 13:20:15.345  INFO 49772 --- [         task-1] org.hibernate.Version                    : HHH000412: Hibernate ORM core version 5.4.20.Final
2020-11-03 13:20:15.633  INFO 49772 --- [         task-1] o.hibernate.annotations.common.Version   : HCANN000001: Hibernate Commons Annotations {5.1.0.Final}
2020-11-03 13:20:15.870  INFO 49772 --- [         task-1] org.hibernate.dialect.Dialect            : HHH000400: Using dialect: org.hibernate.dialect.PostgreSQL10Dialect
2020-11-03 13:20:16.229  INFO 49772 --- [    Test worker] o.s.b.w.embedded.tomcat.TomcatWebServer  : Tomcat started on port(s): 58790 (http) with context path '/api'
2020-11-03 13:20:16.230  INFO 49772 --- [    Test worker] DeferredRepositoryInitializationListener : Triggering deferred initialization of Spring Data repositories…
2020-11-03 13:20:16.231  INFO 49772 --- [    Test worker] DeferredRepositoryInitializationListener : Spring Data repositories initialized!
2020-11-03 13:20:16.242  INFO 49772 --- [    Test worker] pl.edu.pjwstk.jaz.AverageIT              : Started AverageIT in 25.562 seconds (JVM running for 27.309)
2020-11-03 13:20:16.650  INFO 49772 --- [         task-1] o.h.e.t.j.p.i.JtaPlatformInitiator       : HHH000490: Using JtaPlatform implementation: [org.hibernate.engine.transaction.jta.platform.internal.NoJtaPlatform]
2020-11-03 13:20:16.659  INFO 49772 --- [         task-1] j.LocalContainerEntityManagerFactoryBean : Initialized JPA EntityManagerFactory for persistence unit 'default'
]]></system-out>
  <system-err><![CDATA[]]></system-err>
</testsuite>
